INFO:aiogram.dispatcher:Start polling
INFO:aiogram.dispatcher:Run polling for bot @good_avto_exam_bot id=7412534301 - 'GoodAvto Академия'
INFO:aiogram.event:Update id=163309743 is handled. Duration 484 ms by bot id=7412534301
INFO:aiogram.event:Update id=163309744 is handled. Duration 77 ms by bot id=7412534301
INFO:aiogram.event:Update id=163309745 is handled. Duration 125 ms by bot id=7412534301
INFO:aiogram.event:Update id=163309746 is handled. Duration 5219 ms by bot id=7412534301
ERROR:aiogram.dispatcher:Failed to fetch updates - TelegramNetworkError: HTTP Client says - Request timeout error
WARNING:aiogram.dispatcher:Sleep for 1.000000 seconds and try again... (tryings = 0, bot id = 7412534301)
ERROR:aiogram.dispatcher:Failed to fetch updates - TelegramNetworkError: HTTP Client says - ClientConnectorError: Cannot connect to host api.telegram.org:443 ssl:default [Превышен таймаут семафора]
WARNING:aiogram.dispatcher:Sleep for 1.110112 seconds and try again... (tryings = 1, bot id = 7412534301)
ERROR:aiogram.dispatcher:Failed to fetch updates - TelegramNetworkError: HTTP Client says - ClientConnectorError: Cannot connect to host api.telegram.org:443 ssl:default [Превышен таймаут семафора]
WARNING:aiogram.dispatcher:Sleep for 1.395772 seconds and try again... (tryings = 2, bot id = 7412534301)
INFO:aiogram.dispatcher:Connection established (tryings = 3, bot id = 7412534301)
ERROR:aiogram.dispatcher:Failed to fetch updates - TelegramConflictError: Telegram server says - Conflict: terminated by other getUpdates request; make sure that only one bot instance is running
WARNING:aiogram.dispatcher:Sleep for 1.000000 seconds and try again... (tryings = 0, bot id = 7412534301)
ERROR:aiogram.dispatcher:Failed to fetch updates - TelegramConflictError: Telegram server says - Conflict: terminated by other getUpdates request; make sure that only one bot instance is running
WARNING:aiogram.dispatcher:Sleep for 1.214136 seconds and try again... (tryings = 1, bot id = 7412534301)
ERROR:aiogram.dispatcher:Failed to fetch updates - TelegramConflictError: Telegram server says - Conflict: terminated by other getUpdates request; make sure that only one bot instance is running
WARNING:aiogram.dispatcher:Sleep for 1.633279 seconds and try again... (tryings = 2, bot id = 7412534301)
ERROR:aiogram.dispatcher:Failed to fetch updates - TelegramConflictError: Telegram server says - Conflict: terminated by other getUpdates request; make sure that only one bot instance is running
WARNING:aiogram.dispatcher:Sleep for 2.255904 seconds and try again... (tryings = 3, bot id = 7412534301)
ERROR:aiogram.dispatcher:Failed to fetch updates - TelegramConflictError: Telegram server says - Conflict: terminated by other getUpdates request; make sure that only one bot instance is running
WARNING:aiogram.dispatcher:Sleep for 2.935434 seconds and try again... (tryings = 4, bot id = 7412534301)
ERROR:aiogram.dispatcher:Failed to fetch updates - TelegramConflictError: Telegram server says - Conflict: terminated by other getUpdates request; make sure that only one bot instance is running
WARNING:aiogram.dispatcher:Sleep for 3.848442 seconds and try again... (tryings = 5, bot id = 7412534301)
ERROR:aiogram.dispatcher:Failed to fetch updates - TelegramConflictError: Telegram server says - Conflict: terminated by other getUpdates request; make sure that only one bot instance is running
WARNING:aiogram.dispatcher:Sleep for 5.064242 seconds and try again... (tryings = 6, bot id = 7412534301)
ERROR:aiogram.dispatcher:Failed to fetch updates - TelegramConflictError: Telegram server says - Conflict: terminated by other getUpdates request; make sure that only one bot instance is running
WARNING:aiogram.dispatcher:Sleep for 4.954459 seconds and try again... (tryings = 7, bot id = 7412534301)
ERROR:aiogram.dispatcher:Failed to fetch updates - TelegramConflictError: Telegram server says - Conflict: terminated by other getUpdates request; make sure that only one bot instance is running
WARNING:aiogram.dispatcher:Sleep for 4.868268 seconds and try again... (tryings = 8, bot id = 7412534301)
ERROR:aiogram.dispatcher:Failed to fetch updates - TelegramConflictError: Telegram server says - Conflict: terminated by other getUpdates request; make sure that only one bot instance is running
WARNING:aiogram.dispatcher:Sleep for 4.905581 seconds and try again... (tryings = 9, bot id = 7412534301)
INFO:aiogram.dispatcher:Polling stopped
INFO:aiogram.dispatcher:Polling stopped for bot @good_avto_exam_bot id=7412534301 - 'GoodAvto Академия'
